# JRE version: Java(TM) SE Runtime Environment (8.0_101-b13) (build 1.8.0_101-b13)
# Java VM: Java HotSpot(TM) 64-Bit Server VM (25.101-b13 mixed mode windows-amd64 compressed oops)
Heap:
 PSYoungGen      total 118784K, used 37225K [0x00000000eab00000, 0x00000000f3500000, 0x0000000100000000)
  eden space 110080K, 25% used [0x00000000eab00000,0x00000000ec6dd4e0,0x00000000f1680000)
  from space 8704K, 99% used [0x00000000f2400000,0x00000000f2c7d108,0x00000000f2c80000)
  to   space 1536K, 0% used [0x00000000f3380000,0x00000000f3380000,0x00000000f3500000)
 ParOldGen       total 37888K, used 27071K [0x00000000c0000000, 0x00000000c2500000, 0x00000000eab00000)
  object space 37888K, 71% used [0x00000000c0000000,0x00000000c1a6fea0,0x00000000c2500000)
 Metaspace       used 43982K, capacity 44824K, committed 45184K, reserved 1087488K
  class space    used 5977K, capacity 6151K, committed 6272K, reserved 1048576K
GC Heap History (10 events):
Event: 13.702 GC heap before
{Heap before GC invocations=9 (full 1):
 PSYoungGen      total 118784K, used 112176K [0x00000000eab00000, 0x00000000f3500000, 0x0000000100000000)
  eden space 110080K, 100% used [0x00000000eab00000,0x00000000f1680000,0x00000000f1680000)
  from space 8704K, 24% used [0x00000000f2400000,0x00000000f260c030,0x00000000f2c80000)
  to   space 1536K, 0% used [0x00000000f3380000,0x00000000f3380000,0x00000000f3500000)
 ParOldGen       total 37888K, used 10237K [0x00000000c0000000, 0x00000000c2500000, 0x00000000eab00000)
  object space 37888K, 27% used [0x00000000c0000000,0x00000000c09ff6a8,0x00000000c2500000)
 Metaspace       used 26825K, capacity 27468K, committed 27648K, reserved 1073152K
  class space    used 3633K, capacity 3807K, committed 3840K, reserved 1048576K
Event: 13.713 GC heap after
Heap after GC invocations=9 (full 1):
 PSYoungGen      total 111616K, used 1536K [0x00000000eab00000, 0x00000000f3500000, 0x0000000100000000)
  eden space 110080K, 0% used [0x00000000eab00000,0x00000000eab00000,0x00000000f1680000)
  from space 1536K, 100% used [0x00000000f3380000,0x00000000f3500000,0x00000000f3500000)
  to   space 8704K, 0% used [0x00000000f2400000,0x00000000f2400000,0x00000000f2c80000)
 ParOldGen       total 37888K, used 19174K [0x00000000c0000000, 0x00000000c2500000, 0x00000000eab00000)
  object space 37888K, 50% used [0x00000000c0000000,0x00000000c12b9828,0x00000000c2500000)
 Metaspace       used 26825K, capacity 27468K, committed 27648K, reserved 1073152K
  class space    used 3633K, capacity 3807K, committed 3840K, reserved 1048576K
}
Event: 18.827 GC heap before
{Heap before GC invocations=10 (full 1):
 PSYoungGen      total 111616K, used 111616K [0x00000000eab00000, 0x00000000f3500000, 0x0000000100000000)
  eden space 110080K, 100% used [0x00000000eab00000,0x00000000f1680000,0x00000000f1680000)
  from space 1536K, 100% used [0x00000000f3380000,0x00000000f3500000,0x00000000f3500000)
  to   space 8704K, 0% used [0x00000000f2400000,0x00000000f2400000,0x00000000f2c80000)
 ParOldGen       total 37888K, used 19174K [0x00000000c0000000, 0x00000000c2500000, 0x00000000eab00000)
  object space 37888K, 50% used [0x00000000c0000000,0x00000000c12b9828,0x00000000c2500000)
 Metaspace       used 32714K, capacity 33450K, committed 33536K, reserved 1079296K
  class space    used 4362K, capacity 4542K, committed 4608K, reserved 1048576K
Event: 18.843 GC heap after
Heap after GC invocations=10 (full 1):
 PSYoungGen      total 118784K, used 8678K [0x00000000eab00000, 0x00000000f3500000, 0x0000000100000000)
  eden space 110080K, 0% used [0x00000000eab00000,0x00000000eab00000,0x00000000f1680000)
  from space 8704K, 99% used [0x00000000f2400000,0x00000000f2c79940,0x00000000f2c80000)
  to   space 1536K, 0% used [0x00000000f3380000,0x00000000f3380000,0x00000000f3500000)
 ParOldGen       total 37888K, used 19451K [0x00000000c0000000, 0x00000000c2500000, 0x00000000eab00000)
  object space 37888K, 51% used [0x00000000c0000000,0x00000000c12feec8,0x00000000c2500000)
 Metaspace       used 32714K, capacity 33450K, committed 33536K, reserved 1079296K
  class space    used 4362K, capacity 4542K, committed 4608K, reserved 1048576K
}
Event: 19.949 GC heap before
{Heap before GC invocations=11 (full 1):
 PSYoungGen      total 118784K, used 54528K [0x00000000eab00000, 0x00000000f3500000, 0x0000000100000000)
  eden space 110080K, 41% used [0x00000000eab00000,0x00000000ed7c66c0,0x00000000f1680000)
  from space 8704K, 99% used [0x00000000f2400000,0x00000000f2c79940,0x00000000f2c80000)
  to   space 1536K, 0% used [0x00000000f3380000,0x00000000f3380000,0x00000000f3500000)
 ParOldGen       total 37888K, used 19451K [0x00000000c0000000, 0x00000000c2500000, 0x00000000eab00000)
  object space 37888K, 51% used [0x00000000c0000000,0x00000000c12feec8,0x00000000c2500000)
 Metaspace       used 34693K, capacity 35398K, committed 35496K, reserved 1079296K
  class space    used 4610K, capacity 4806K, committed 4864K, reserved 1048576K
Event: 19.958 GC heap after
Heap after GC invocations=11 (full 1):
 PSYoungGen      total 111616K, used 1536K [0x00000000eab00000, 0x00000000f3500000, 0x0000000100000000)
  eden space 110080K, 0% used [0x00000000eab00000,0x00000000eab00000,0x00000000f1680000)
  from space 1536K, 100% used [0x00000000f3380000,0x00000000f3500000,0x00000000f3500000)
  to   space 8704K, 0% used [0x00000000f2400000,0x00000000f2400000,0x00000000f2c80000)
 ParOldGen       total 37888K, used 24904K [0x00000000c0000000, 0x00000000c2500000, 0x00000000eab00000)
  object space 37888K, 65% used [0x00000000c0000000,0x00000000c1852280,0x00000000c2500000)
 Metaspace       used 34693K, capacity 35398K, committed 35496K, reserved 1079296K
  class space    used 4610K, capacity 4806K, committed 4864K, reserved 1048576K
}
Event: 19.958 GC heap before
{Heap before GC invocations=12 (full 2):
 PSYoungGen      total 111616K, used 1536K [0x00000000eab00000, 0x00000000f3500000, 0x0000000100000000)
  eden space 110080K, 0% used [0x00000000eab00000,0x00000000eab00000,0x00000000f1680000)
  from space 1536K, 100% used [0x00000000f3380000,0x00000000f3500000,0x00000000f3500000)
  to   space 8704K, 0% used [0x00000000f2400000,0x00000000f2400000,0x00000000f2c80000)
 ParOldGen       total 37888K, used 24904K [0x00000000c0000000, 0x00000000c2500000, 0x00000000eab00000)
  object space 37888K, 65% used [0x00000000c0000000,0x00000000c1852280,0x00000000c2500000)
 Metaspace       used 34693K, capacity 35398K, committed 35496K, reserved 1079296K
  class space    used 4610K, capacity 4806K, committed 4864K, reserved 1048576K
Event: 20.068 GC heap after
Heap after GC invocations=12 (full 2):
 PSYoungGen      total 111616K, used 0K [0x00000000eab00000, 0x00000000f3500000, 0x0000000100000000)
  eden space 110080K, 0% used [0x00000000eab00000,0x00000000eab00000,0x00000000f1680000)
  from space 1536K, 0% used [0x00000000f3380000,0x00000000f3380000,0x00000000f3500000)
  to   space 8704K, 0% used [0x00000000f2400000,0x00000000f2400000,0x00000000f2c80000)
 ParOldGen       total 37888K, used 21299K [0x00000000c0000000, 0x00000000c2500000, 0x00000000eab00000)
  object space 37888K, 56% used [0x00000000c0000000,0x00000000c14ccdd0,0x00000000c2500000)
 Metaspace       used 34650K, capacity 35288K, committed 35496K, reserved 1079296K
  class space    used 4597K, capacity 4792K, committed 4864K, reserved 1048576K
}
Event: 22.877 GC heap before
{Heap before GC invocations=13 (full 2):
 PSYoungGen      total 111616K, used 110080K [0x00000000eab00000, 0x00000000f3500000, 0x0000000100000000)
  eden space 110080K, 100% used [0x00000000eab00000,0x00000000f1680000,0x00000000f1680000)
  from space 1536K, 0% used [0x00000000f3380000,0x00000000f3380000,0x00000000f3500000)
  to   space 8704K, 0% used [0x00000000f2400000,0x00000000f2400000,0x00000000f2c80000)
 ParOldGen       total 37888K, used 21299K [0x00000000c0000000, 0x00000000c2500000, 0x00000000eab00000)
  object space 37888K, 56% used [0x00000000c0000000,0x00000000c14ccdd0,0x00000000c2500000)
 Metaspace       used 42908K, capacity 43696K, committed 43904K, reserved 1087488K
  class space    used 5788K, capacity 5968K, committed 6016K, reserved 1048576K
Event: 22.899 GC heap after
Heap after GC invocations=13 (full 2):
 PSYoungGen      total 118784K, used 8692K [0x00000000eab00000, 0x00000000f3500000, 0x0000000100000000)
  eden space 110080K, 0% used [0x00000000eab00000,0x00000000eab00000,0x00000000f1680000)
  from space 8704K, 99% used [0x00000000f2400000,0x00000000f2c7d108,0x00000000f2c80000)
  to   space 1536K, 0% used [0x00000000f3380000,0x00000000f3380000,0x00000000f3500000)
 ParOldGen       total 37888K, used 27071K [0x00000000c0000000, 0x00000000c2500000, 0x00000000eab00000)
  object space 37888K, 71% used [0x00000000c0000000,0x00000000c1a6fea0,0x00000000c2500000)
 Metaspace       used 42908K, capacity 43696K, committed 43904K, reserved 1087488K
  class space    used 5788K, capacity 5968K, committed 6016K, reserved 1048576K
}

