# JRE version: Java(TM) SE Runtime Environment (8.0_101-b13) (build 1.8.0_101-b13)
# Java VM: Java HotSpot(TM) 64-Bit Server VM (25.101-b13 mixed mode windows-amd64 compressed oops)
Heap:
 PSYoungGen      total 51712K, used 28162K [0x00000000eab00000, 0x00000000ee680000, 0x0000000100000000)
  eden space 44544K, 58% used [0x00000000eab00000,0x00000000ec44c9c0,0x00000000ed680000)
  from space 7168K, 31% used [0x00000000edd80000,0x00000000edfb4050,0x00000000ee480000)
  to   space 7168K, 0% used [0x00000000ed680000,0x00000000ed680000,0x00000000edd80000)
 ParOldGen       total 35840K, used 8153K [0x00000000c0000000, 0x00000000c2300000, 0x00000000eab00000)
  object space 35840K, 22% used [0x00000000c0000000,0x00000000c07f65c0,0x00000000c2300000)
 Metaspace       used 22270K, capacity 22718K, committed 23040K, reserved 1069056K
  class space    used 2874K, capacity 3025K, committed 3072K, reserved 1048576K
GC Heap History (10 events):
Event: 6.045 GC heap before
{Heap before GC invocations=7 (full 0):
 PSYoungGen      total 22016K, used 21815K [0x00000000eab00000, 0x00000000ed700000, 0x0000000100000000)
  eden space 16384K, 100% used [0x00000000eab00000,0x00000000ebb00000,0x00000000ebb00000)
  from space 5632K, 96% used [0x00000000ed180000,0x00000000ed6cdc20,0x00000000ed700000)
  to   space 7168K, 0% used [0x00000000ec900000,0x00000000ec900000,0x00000000ed000000)
 ParOldGen       total 44032K, used 7911K [0x00000000c0000000, 0x00000000c2b00000, 0x00000000eab00000)
  object space 44032K, 17% used [0x00000000c0000000,0x00000000c07b9df8,0x00000000c2b00000)
 Metaspace       used 20803K, capacity 21178K, committed 21296K, reserved 1067008K
  class space    used 2780K, capacity 2917K, committed 2944K, reserved 1048576K
Event: 6.052 GC heap after
Heap after GC invocations=7 (full 0):
 PSYoungGen      total 37888K, used 4247K [0x00000000eab00000, 0x00000000ed800000, 0x0000000100000000)
  eden space 30720K, 0% used [0x00000000eab00000,0x00000000eab00000,0x00000000ec900000)
  from space 7168K, 59% used [0x00000000ec900000,0x00000000ecd25dc0,0x00000000ed000000)
  to   space 6656K, 0% used [0x00000000ed180000,0x00000000ed180000,0x00000000ed800000)
 ParOldGen       total 44032K, used 8779K [0x00000000c0000000, 0x00000000c2b00000, 0x00000000eab00000)
  object space 44032K, 19% used [0x00000000c0000000,0x00000000c0892ea8,0x00000000c2b00000)
 Metaspace       used 20803K, capacity 21178K, committed 21296K, reserved 1067008K
  class space    used 2780K, capacity 2917K, committed 2944K, reserved 1048576K
}
Event: 6.052 GC heap before
{Heap before GC invocations=8 (full 1):
 PSYoungGen      total 37888K, used 4247K [0x00000000eab00000, 0x00000000ed800000, 0x0000000100000000)
  eden space 30720K, 0% used [0x00000000eab00000,0x00000000eab00000,0x00000000ec900000)
  from space 7168K, 59% used [0x00000000ec900000,0x00000000ecd25dc0,0x00000000ed000000)
  to   space 6656K, 0% used [0x00000000ed180000,0x00000000ed180000,0x00000000ed800000)
 ParOldGen       total 44032K, used 8779K [0x00000000c0000000, 0x00000000c2b00000, 0x00000000eab00000)
  object space 44032K, 19% used [0x00000000c0000000,0x00000000c0892ea8,0x00000000c2b00000)
 Metaspace       used 20803K, capacity 21178K, committed 21296K, reserved 1067008K
  class space    used 2780K, capacity 2917K, committed 2944K, reserved 1048576K
Event: 6.120 GC heap after
Heap after GC invocations=8 (full 1):
 PSYoungGen      total 37888K, used 0K [0x00000000eab00000, 0x00000000ed800000, 0x0000000100000000)
  eden space 30720K, 0% used [0x00000000eab00000,0x00000000eab00000,0x00000000ec900000)
  from space 7168K, 0% used [0x00000000ec900000,0x00000000ec900000,0x00000000ed000000)
  to   space 6656K, 0% used [0x00000000ed180000,0x00000000ed180000,0x00000000ed800000)
 ParOldGen       total 35840K, used 8137K [0x00000000c0000000, 0x00000000c2300000, 0x00000000eab00000)
  object space 35840K, 22% used [0x00000000c0000000,0x00000000c07f25c0,0x00000000c2300000)
 Metaspace       used 20803K, capacity 21178K, committed 21296K, reserved 1067008K
  class space    used 2780K, capacity 2917K, committed 2944K, reserved 1048576K
}
Event: 6.746 GC heap before
{Heap before GC invocations=9 (full 1):
 PSYoungGen      total 37888K, used 30720K [0x00000000eab00000, 0x00000000ed800000, 0x0000000100000000)
  eden space 30720K, 100% used [0x00000000eab00000,0x00000000ec900000,0x00000000ec900000)
  from space 7168K, 0% used [0x00000000ec900000,0x00000000ec900000,0x00000000ed000000)
  to   space 6656K, 0% used [0x00000000ed180000,0x00000000ed180000,0x00000000ed800000)
 ParOldGen       total 35840K, used 8137K [0x00000000c0000000, 0x00000000c2300000, 0x00000000eab00000)
  object space 35840K, 22% used [0x00000000c0000000,0x00000000c07f25c0,0x00000000c2300000)
 Metaspace       used 22203K, capacity 22654K, committed 22784K, reserved 1069056K
  class space    used 2874K, capacity 3025K, committed 3072K, reserved 1048576K
Event: 6.749 GC heap after
Heap after GC invocations=9 (full 1):
 PSYoungGen      total 39424K, used 1973K [0x00000000eab00000, 0x00000000ee580000, 0x0000000100000000)
  eden space 32768K, 0% used [0x00000000eab00000,0x00000000eab00000,0x00000000ecb00000)
  from space 6656K, 29% used [0x00000000ed180000,0x00000000ed36d718,0x00000000ed800000)
  to   space 6656K, 0% used [0x00000000ecb00000,0x00000000ecb00000,0x00000000ed180000)
 ParOldGen       total 35840K, used 8145K [0x00000000c0000000, 0x00000000c2300000, 0x00000000eab00000)
  object space 35840K, 22% used [0x00000000c0000000,0x00000000c07f45c0,0x00000000c2300000)
 Metaspace       used 22203K, capacity 22654K, committed 22784K, reserved 1069056K
  class space    used 2874K, capacity 3025K, committed 3072K, reserved 1048576K
}
Event: 6.918 GC heap before
{Heap before GC invocations=10 (full 1):
 PSYoungGen      total 39424K, used 34741K [0x00000000eab00000, 0x00000000ee580000, 0x0000000100000000)
  eden space 32768K, 100% used [0x00000000eab00000,0x00000000ecb00000,0x00000000ecb00000)
  from space 6656K, 29% used [0x00000000ed180000,0x00000000ed36d718,0x00000000ed800000)
  to   space 6656K, 0% used [0x00000000ecb00000,0x00000000ecb00000,0x00000000ed180000)
 ParOldGen       total 35840K, used 8145K [0x00000000c0000000, 0x00000000c2300000, 0x00000000eab00000)
  object space 35840K, 22% used [0x00000000c0000000,0x00000000c07f45c0,0x00000000c2300000)
 Metaspace       used 22253K, capacity 22718K, committed 23040K, reserved 1069056K
  class space    used 2874K, capacity 3025K, committed 3072K, reserved 1048576K
Event: 6.923 GC heap after
Heap after GC invocations=10 (full 1):
 PSYoungGen      total 39424K, used 1904K [0x00000000eab00000, 0x00000000ee480000, 0x0000000100000000)
  eden space 32768K, 0% used [0x00000000eab00000,0x00000000eab00000,0x00000000ecb00000)
  from space 6656K, 28% used [0x00000000ecb00000,0x00000000eccdc050,0x00000000ed180000)
  to   space 7168K, 0% used [0x00000000edd80000,0x00000000edd80000,0x00000000ee480000)
 ParOldGen       total 35840K, used 8145K [0x00000000c0000000, 0x00000000c2300000, 0x00000000eab00000)
  object space 35840K, 22% used [0x00000000c0000000,0x00000000c07f45c0,0x00000000c2300000)
 Metaspace       used 22253K, capacity 22718K, committed 23040K, reserved 1069056K
  class space    used 2874K, capacity 3025K, committed 3072K, reserved 1048576K
}
Event: 7.082 GC heap before
{Heap before GC invocations=11 (full 1):
 PSYoungGen      total 39424K, used 34672K [0x00000000eab00000, 0x00000000ee480000, 0x0000000100000000)
  eden space 32768K, 100% used [0x00000000eab00000,0x00000000ecb00000,0x00000000ecb00000)
  from space 6656K, 28% used [0x00000000ecb00000,0x00000000eccdc050,0x00000000ed180000)
  to   space 7168K, 0% used [0x00000000edd80000,0x00000000edd80000,0x00000000ee480000)
 ParOldGen       total 35840K, used 8145K [0x00000000c0000000, 0x00000000c2300000, 0x00000000eab00000)
  object space 35840K, 22% used [0x00000000c0000000,0x00000000c07f45c0,0x00000000c2300000)
 Metaspace       used 22268K, capacity 22718K, committed 23040K, reserved 1069056K
  class space    used 2874K, capacity 3025K, committed 3072K, reserved 1048576K
Event: 7.090 GC heap after
Heap after GC invocations=11 (full 1):
 PSYoungGen      total 51712K, used 2256K [0x00000000eab00000, 0x00000000ee680000, 0x0000000100000000)
  eden space 44544K, 0% used [0x00000000eab00000,0x00000000eab00000,0x00000000ed680000)
  from space 7168K, 31% used [0x00000000edd80000,0x00000000edfb4050,0x00000000ee480000)
  to   space 7168K, 0% used [0x00000000ed680000,0x00000000ed680000,0x00000000edd80000)
 ParOldGen       total 35840K, used 8153K [0x00000000c0000000, 0x00000000c2300000, 0x00000000eab00000)
  object space 35840K, 22% used [0x00000000c0000000,0x00000000c07f65c0,0x00000000c2300000)
 Metaspace       used 22268K, capacity 22718K, committed 23040K, reserved 1069056K
  class space    used 2874K, capacity 3025K, committed 3072K, reserved 1048576K
}

