Heap:
 PSYoungGen      total 216064K, used 54737K [0x00000000eab00000, 0x00000000fbf80000, 0x0000000100000000)
  eden space 191488K, 20% used [0x00000000eab00000,0x00000000ed21ea60,0x00000000f6600000)
  from space 24576K, 59% used [0x00000000f6600000,0x00000000f7455ce8,0x00000000f7e00000)
  to   space 25088K, 0% used [0x00000000fa700000,0x00000000fa700000,0x00000000fbf80000)
 ParOldGen       total 63488K, used 41061K [0x00000000c0000000, 0x00000000c3e00000, 0x00000000eab00000)
  object space 63488K, 64% used [0x00000000c0000000,0x00000000c28194d0,0x00000000c3e00000)
 Metaspace       used 53056K, capacity 54664K, committed 54784K, reserved 1095680K
  class space    used 7218K, capacity 7646K, committed 7680K, reserved 1048576K
GC Heap History (10 events):
Event: 17.876 GC heap before
{Heap before GC invocations=12 (full 2):
 PSYoungGen      total 170496K, used 11341K [0x00000000eab00000, 0x00000000f6500000, 0x0000000100000000)
  eden space 157184K, 0% used [0x00000000eab00000,0x00000000eab00000,0x00000000f4480000)
  from space 13312K, 85% used [0x00000000f5300000,0x00000000f5e13538,0x00000000f6000000)
  to   space 14848K, 0% used [0x00000000f4480000,0x00000000f4480000,0x00000000f5300000)
 ParOldGen       total 42496K, used 13515K [0x00000000c0000000, 0x00000000c2980000, 0x00000000eab00000)
  object space 42496K, 31% used [0x00000000c0000000,0x00000000c0d32e60,0x00000000c2980000)
 Metaspace       used 34760K, capacity 35432K, committed 35496K, reserved 1079296K
  class space    used 4619K, capacity 4820K, committed 4864K, reserved 1048576K
Event: 18.003 GC heap after
Heap after GC invocations=12 (full 2):
 PSYoungGen      total 170496K, used 0K [0x00000000eab00000, 0x00000000f6500000, 0x0000000100000000)
  eden space 157184K, 0% used [0x00000000eab00000,0x00000000eab00000,0x00000000f4480000)
  from space 13312K, 0% used [0x00000000f5300000,0x00000000f5300000,0x00000000f6000000)
  to   space 14848K, 0% used [0x00000000f4480000,0x00000000f4480000,0x00000000f5300000)
 ParOldGen       total 63488K, used 17344K [0x00000000c0000000, 0x00000000c3e00000, 0x00000000eab00000)
  object space 63488K, 27% used [0x00000000c0000000,0x00000000c10f02d8,0x00000000c3e00000)
 Metaspace       used 34683K, capacity 35280K, committed 35496K, reserved 1079296K
  class space    used 4594K, capacity 4792K, committed 4864K, reserved 1048576K
}
Event: 23.126 GC heap before
{Heap before GC invocations=13 (full 2):
 PSYoungGen      total 170496K, used 157184K [0x00000000eab00000, 0x00000000f6500000, 0x0000000100000000)
  eden space 157184K, 100% used [0x00000000eab00000,0x00000000f4480000,0x00000000f4480000)
  from space 13312K, 0% used [0x00000000f5300000,0x00000000f5300000,0x00000000f6000000)
  to   space 14848K, 0% used [0x00000000f4480000,0x00000000f4480000,0x00000000f5300000)
 ParOldGen       total 63488K, used 17344K [0x00000000c0000000, 0x00000000c3e00000, 0x00000000eab00000)
  object space 63488K, 27% used [0x00000000c0000000,0x00000000c10f02d8,0x00000000c3e00000)
 Metaspace       used 45078K, capacity 45994K, committed 46080K, reserved 1089536K
  class space    used 6133K, capacity 6363K, committed 6400K, reserved 1048576K
Event: 23.169 GC heap after
Heap after GC invocations=13 (full 2):
 PSYoungGen      total 172032K, used 14836K [0x00000000eab00000, 0x00000000f9080000, 0x0000000100000000)
  eden space 157184K, 0% used [0x00000000eab00000,0x00000000eab00000,0x00000000f4480000)
  from space 14848K, 99% used [0x00000000f4480000,0x00000000f52fd108,0x00000000f5300000)
  to   space 18944K, 0% used [0x00000000f7e00000,0x00000000f7e00000,0x00000000f9080000)
 ParOldGen       total 63488K, used 22925K [0x00000000c0000000, 0x00000000c3e00000, 0x00000000eab00000)
  object space 63488K, 36% used [0x00000000c0000000,0x00000000c1663488,0x00000000c3e00000)
 Metaspace       used 45078K, capacity 45994K, committed 46080K, reserved 1089536K
  class space    used 6133K, capacity 6363K, committed 6400K, reserved 1048576K
}
Event: 25.358 GC heap before
{Heap before GC invocations=14 (full 2):
 PSYoungGen      total 172032K, used 118971K [0x00000000eab00000, 0x00000000f9080000, 0x0000000100000000)
  eden space 157184K, 66% used [0x00000000eab00000,0x00000000f10b1de0,0x00000000f4480000)
  from space 14848K, 99% used [0x00000000f4480000,0x00000000f52fd108,0x00000000f5300000)
  to   space 18944K, 0% used [0x00000000f7e00000,0x00000000f7e00000,0x00000000f9080000)
 ParOldGen       total 63488K, used 22925K [0x00000000c0000000, 0x00000000c3e00000, 0x00000000eab00000)
  object space 63488K, 36% used [0x00000000c0000000,0x00000000c1663488,0x00000000c3e00000)
 Metaspace       used 48561K, capacity 49938K, committed 50048K, reserved 1091584K
  class space    used 6677K, capacity 7032K, committed 7040K, reserved 1048576K
Event: 25.421 GC heap after
Heap after GC invocations=14 (full 2):
 PSYoungGen      total 210432K, used 18926K [0x00000000eab00000, 0x00000000f9b80000, 0x0000000100000000)
  eden space 191488K, 0% used [0x00000000eab00000,0x00000000eab00000,0x00000000f6600000)
  from space 18944K, 99% used [0x00000000f7e00000,0x00000000f907b850,0x00000000f9080000)
  to   space 24576K, 0% used [0x00000000f6600000,0x00000000f6600000,0x00000000f7e00000)
 ParOldGen       total 63488K, used 29743K [0x00000000c0000000, 0x00000000c3e00000, 0x00000000eab00000)
  object space 63488K, 46% used [0x00000000c0000000,0x00000000c1d0beb0,0x00000000c3e00000)
 Metaspace       used 48561K, capacity 49938K, committed 50048K, reserved 1091584K
  class space    used 6677K, capacity 7032K, committed 7040K, reserved 1048576K
}
Event: 25.421 GC heap before
{Heap before GC invocations=15 (full 3):
 PSYoungGen      total 210432K, used 18926K [0x00000000eab00000, 0x00000000f9b80000, 0x0000000100000000)
  eden space 191488K, 0% used [0x00000000eab00000,0x00000000eab00000,0x00000000f6600000)
  from space 18944K, 99% used [0x00000000f7e00000,0x00000000f907b850,0x00000000f9080000)
  to   space 24576K, 0% used [0x00000000f6600000,0x00000000f6600000,0x00000000f7e00000)
 ParOldGen       total 63488K, used 29743K [0x00000000c0000000, 0x00000000c3e00000, 0x00000000eab00000)
  object space 63488K, 46% used [0x00000000c0000000,0x00000000c1d0beb0,0x00000000c3e00000)
 Metaspace       used 48561K, capacity 49938K, committed 50048K, reserved 1091584K
  class space    used 6677K, capacity 7032K, committed 7040K, reserved 1048576K
Event: 25.804 GC heap after
Heap after GC invocations=15 (full 3):
 PSYoungGen      total 210432K, used 0K [0x00000000eab00000, 0x00000000f9b80000, 0x0000000100000000)
  eden space 191488K, 0% used [0x00000000eab00000,0x00000000eab00000,0x00000000f6600000)
  from space 18944K, 0% used [0x00000000f7e00000,0x00000000f7e00000,0x00000000f9080000)
  to   space 24576K, 0% used [0x00000000f6600000,0x00000000f6600000,0x00000000f7e00000)
 ParOldGen       total 63488K, used 41053K [0x00000000c0000000, 0x00000000c3e00000, 0x00000000eab00000)
  object space 63488K, 64% used [0x00000000c0000000,0x00000000c28174d0,0x00000000c3e00000)
 Metaspace       used 48561K, capacity 49938K, committed 50048K, reserved 1091584K
  class space    used 6677K, capacity 7032K, committed 7040K, reserved 1048576K
}
Event: 46.145 GC heap before
{Heap before GC invocations=16 (full 3):
 PSYoungGen      total 210432K, used 191488K [0x00000000eab00000, 0x00000000f9b80000, 0x0000000100000000)
  eden space 191488K, 100% used [0x00000000eab00000,0x00000000f6600000,0x00000000f6600000)
  from space 18944K, 0% used [0x00000000f7e00000,0x00000000f7e00000,0x00000000f9080000)
  to   space 24576K, 0% used [0x00000000f6600000,0x00000000f6600000,0x00000000f7e00000)
 ParOldGen       total 63488K, used 41053K [0x00000000c0000000, 0x00000000c3e00000, 0x00000000eab00000)
  object space 63488K, 64% used [0x00000000c0000000,0x00000000c28174d0,0x00000000c3e00000)
 Metaspace       used 52873K, capacity 54472K, committed 54784K, reserved 1095680K
  class space    used 7205K, capacity 7646K, committed 7680K, reserved 1048576K
Event: 46.177 GC heap after
Heap after GC invocations=16 (full 3):
 PSYoungGen      total 216064K, used 14679K [0x00000000eab00000, 0x00000000fbf80000, 0x0000000100000000)
  eden space 191488K, 0% used [0x00000000eab00000,0x00000000eab00000,0x00000000f6600000)
  from space 24576K, 59% used [0x00000000f6600000,0x00000000f7455ce8,0x00000000f7e00000)
  to   space 25088K, 0% used [0x00000000fa700000,0x00000000fa700000,0x00000000fbf80000)
 ParOldGen       total 63488K, used 41061K [0x00000000c0000000, 0x00000000c3e00000, 0x00000000eab00000)
  object space 63488K, 64% used [0x00000000c0000000,0x00000000c28194d0,0x00000000c3e00000)
 Metaspace       used 52873K, capacity 54472K, committed 54784K, reserved 1095680K
  class space    used 7205K, capacity 7646K, committed 7680K, reserved 1048576K
}

